<?xml version="1.0" encoding="UTF-8"?>
<!-- Generated by org.testng.reporters.JUnitReportReporter -->
<testsuite name="basicPOM.NewTest" tests="1" time="7.378" ignored="0" failures="0" timestamp="20 Jul 2018 04:51:43 GMT" skipped="0" hostname="P4A-508SD40" errors="0">
  <testcase name="login" time="7.378" classname="basicPOM.NewTest"/>
</testsuite> <!-- basicPOM.NewTest -->
