<?xml version="1.0" encoding="UTF-8"?>
<!-- Generated by org.testng.reporters.JUnitReportReporter -->
<testsuite name="advancedPOM.AdvancedPOMLogin" tests="1" time="7.997" ignored="0" failures="0" timestamp="20 Jul 2018 05:19:50 GMT" skipped="0" hostname="P4A-508SD40" errors="0">
  <testcase name="f" time="7.997" classname="advancedPOM.AdvancedPOMLogin"/>
</testsuite> <!-- advancedPOM.AdvancedPOMLogin -->
