<?xml version="1.0" encoding="UTF-8"?>
<!-- Generated by org.testng.reporters.JUnitReportReporter -->
<testsuite name="seleniumPNC.PNCMaven.Registration" tests="2" time="0.010" ignored="0" failures="0" timestamp="18 Jul 2018 04:29:01 GMT" skipped="1" hostname="P4A-508SD40" errors="1">
  <testcase name="beforeTest" time="0.000" classname="seleniumPNC.PNCMaven.Registration">
    <error type="org.openqa.selenium.WebDriverException" message="Failed to connect to binary FirefoxBinary(C:\Program Files\Mozilla Firefox\firefox.exe) on port 7055; process output follows: 
ging
1531888099428	addons.xpi	DEBUG	Existing add-on fxdriver@googlecode.com in app-profile
1531888099429	addons.xpi	INFO	Mapping activity-stream@mozilla.org to C:\Program Files\Mozilla Firefox\browser\features\activity-stream@mozilla.org.xpi
1531888099429	addons.xpi	INFO	Mapping aushelper@mozilla.org to C:\Program Files\Mozilla Firefox\browser\features\aushelper@mozilla.org.xpi
1531888099430	addons.xpi	INFO	Mapping clicktoplay-rollout@mozilla.org to C:\Program Files\Mozilla Firefox\browser\features\clicktoplay-rollout@mozilla.org.xpi
1531888099430	addons.xpi	INFO	Mapping e10srollout@mozilla.org to C:\Program Files\Mozilla Firefox\browser\features\e10srollout@mozilla.org.xpi
1531888099430	addons.xpi	INFO	Mapping firefox@getpocket.com to C:\Program Files\Mozilla Firefox\browser\features\firefox@getpocket.com.xpi
1531888099431	addons.xpi	INFO	Mapping followonsearch@mozilla.com to C:\Program Files\Mozilla Firefox\browser\features\followonsearch@mozilla.com.xpi
1531888099431	addons.xpi	INFO	Mapping formautofill@mozilla.org to C:\Program Files\Mozilla Firefox\browser\features\formautofill@mozilla.org.xpi
1531888099431	addons.xpi	INFO	Mapping onboarding@mozilla.org to C:\Program Files\Mozilla Firefox\browser\features\onboarding@mozilla.org.xpi
1531888099432	addons.xpi	INFO	Mapping screenshots@mozilla.org to C:\Program Files\Mozilla Firefox\browser\features\screenshots@mozilla.org.xpi
1531888099432	addons.xpi	INFO	Mapping shield-recipe-client@mozilla.org to C:\Program Files\Mozilla Firefox\browser\features\shield-recipe-client@mozilla.org.xpi
1531888099432	addons.xpi	INFO	Mapping webcompat@mozilla.org to C:\Program Files\Mozilla Firefox\browser\features\webcompat@mozilla.org.xpi
1531888099433	addons.xpi	DEBUG	Existing add-on activity-stream@mozilla.org in app-system-defaults
1531888099434	addons.xpi	DEBUG	Existing add-on aushelper@mozilla.org in app-system-defaults
1531888099435	addons.xpi	DEBUG	Existing add-on clicktoplay-rollout@mozilla.org in app-system-defaults
1531888099435	addons.xpi	DEBUG	Existing add-on e10srollout@mozilla.org in app-system-defaults
1531888099436	addons.xpi	DEBUG	Existing add-on firefox@getpocket.com in app-system-defaults
1531888099437	addons.xpi	DEBUG	Existing add-on followonsearch@mozilla.com in app-system-defaults
1531888099438	addons.xpi	DEBUG	Existing add-on formautofill@mozilla.org in app-system-defaults
1531888099438	addons.xpi	DEBUG	Existing add-on onboarding@mozilla.org in app-system-defaults
1531888099439	addons.xpi	DEBUG	Existing add-on screenshots@mozilla.org in app-system-defaults
1531888099440	addons.xpi	DEBUG	Existing add-on shield-recipe-client@mozilla.org in app-system-defaults
1531888099440	addons.xpi	DEBUG	Existing add-on webcompat@mozilla.org in app-system-defaults
1531888099443	addons.xpi	INFO	Mapping {972ce4c6-7e08-4474-a285-3208198ce6fd} to C:\Program Files\Mozilla Firefox\browser\extensions\{972ce4c6-7e08-4474-a285-3208198ce6fd}.xpi
1531888099444	addons.xpi	DEBUG	Existing add-on {972ce4c6-7e08-4474-a285-3208198ce6fd} in app-global
1531888099444	addons.xpi	DEBUG	Existing add-on FT.FirefoxAgent@microfocus.com in winreg-app-global
1531888099445	addons.xpi	DEBUG	getInstallState changed: false, state: {}
1531888100113	DeferredSave.webext.sc.lz4	DEBUG	Starting write
1531888100213	DeferredSave.webext.sc.lz4	DEBUG	Write succeeded
[Child 10712] WARNING: pipe error: 109: file z:/build/build/src/ipc/chromium/src/chrome/common/ipc_channel_win.cc, line 346
[Child 10712] WARNING: pipe error: 109: file z:/build/build/src/ipc/chromium/src/chrome/common/ipc_channel_win.cc, line 346
1531888102715	addons.productaddons	INFO	Completed downloading document
1531888111563	addons.productaddons	INFO	downloadXHR File download. status=200
1531888111571	addons.productaddons	INFO	Downloaded file will be saved to C:\Users\PDC4-T~1.PDC\AppData\Local\Temp\tmpaddon-b9e53c
1531888115030	addons.productaddons	INFO	downloadXHR File download. status=200
1531888115035	addons.productaddons	INFO	Downloaded file will be saved to C:\Users\PDC4-T~1.PDC\AppData\Local\Temp\tmpaddon-cee4c8

Build info: version: &#039;2.53.0&#039;, revision: &#039;35ae25b1534ae328c771e0856c93e187490ca824&#039;, time: &#039;2016-03-15 10:43:46&#039;
System info: host: &#039;P4A-508SD40&#039;, ip: &#039;10.231.143.129&#039;, os.name: &#039;Windows 10&#039;, os.arch: &#039;amd64&#039;, os.version: &#039;10.0&#039;, java.version: &#039;1.8.0_151&#039;
Driver info: driver.version: FirefoxDriver">
      <![CDATA[org.openqa.selenium.WebDriverException: Failed to connect to binary FirefoxBinary(C:\Program Files\Mozilla Firefox\firefox.exe) on port 7055; process output follows: 
ging
1531888099428	addons.xpi	DEBUG	Existing add-on fxdriver@googlecode.com in app-profile
1531888099429	addons.xpi	INFO	Mapping activity-stream@mozilla.org to C:\Program Files\Mozilla Firefox\browser\features\activity-stream@mozilla.org.xpi
1531888099429	addons.xpi	INFO	Mapping aushelper@mozilla.org to C:\Program Files\Mozilla Firefox\browser\features\aushelper@mozilla.org.xpi
1531888099430	addons.xpi	INFO	Mapping clicktoplay-rollout@mozilla.org to C:\Program Files\Mozilla Firefox\browser\features\clicktoplay-rollout@mozilla.org.xpi
1531888099430	addons.xpi	INFO	Mapping e10srollout@mozilla.org to C:\Program Files\Mozilla Firefox\browser\features\e10srollout@mozilla.org.xpi
1531888099430	addons.xpi	INFO	Mapping firefox@getpocket.com to C:\Program Files\Mozilla Firefox\browser\features\firefox@getpocket.com.xpi
1531888099431	addons.xpi	INFO	Mapping followonsearch@mozilla.com to C:\Program Files\Mozilla Firefox\browser\features\followonsearch@mozilla.com.xpi
1531888099431	addons.xpi	INFO	Mapping formautofill@mozilla.org to C:\Program Files\Mozilla Firefox\browser\features\formautofill@mozilla.org.xpi
1531888099431	addons.xpi	INFO	Mapping onboarding@mozilla.org to C:\Program Files\Mozilla Firefox\browser\features\onboarding@mozilla.org.xpi
1531888099432	addons.xpi	INFO	Mapping screenshots@mozilla.org to C:\Program Files\Mozilla Firefox\browser\features\screenshots@mozilla.org.xpi
1531888099432	addons.xpi	INFO	Mapping shield-recipe-client@mozilla.org to C:\Program Files\Mozilla Firefox\browser\features\shield-recipe-client@mozilla.org.xpi
1531888099432	addons.xpi	INFO	Mapping webcompat@mozilla.org to C:\Program Files\Mozilla Firefox\browser\features\webcompat@mozilla.org.xpi
1531888099433	addons.xpi	DEBUG	Existing add-on activity-stream@mozilla.org in app-system-defaults
1531888099434	addons.xpi	DEBUG	Existing add-on aushelper@mozilla.org in app-system-defaults
1531888099435	addons.xpi	DEBUG	Existing add-on clicktoplay-rollout@mozilla.org in app-system-defaults
1531888099435	addons.xpi	DEBUG	Existing add-on e10srollout@mozilla.org in app-system-defaults
1531888099436	addons.xpi	DEBUG	Existing add-on firefox@getpocket.com in app-system-defaults
1531888099437	addons.xpi	DEBUG	Existing add-on followonsearch@mozilla.com in app-system-defaults
1531888099438	addons.xpi	DEBUG	Existing add-on formautofill@mozilla.org in app-system-defaults
1531888099438	addons.xpi	DEBUG	Existing add-on onboarding@mozilla.org in app-system-defaults
1531888099439	addons.xpi	DEBUG	Existing add-on screenshots@mozilla.org in app-system-defaults
1531888099440	addons.xpi	DEBUG	Existing add-on shield-recipe-client@mozilla.org in app-system-defaults
1531888099440	addons.xpi	DEBUG	Existing add-on webcompat@mozilla.org in app-system-defaults
1531888099443	addons.xpi	INFO	Mapping {972ce4c6-7e08-4474-a285-3208198ce6fd} to C:\Program Files\Mozilla Firefox\browser\extensions\{972ce4c6-7e08-4474-a285-3208198ce6fd}.xpi
1531888099444	addons.xpi	DEBUG	Existing add-on {972ce4c6-7e08-4474-a285-3208198ce6fd} in app-global
1531888099444	addons.xpi	DEBUG	Existing add-on FT.FirefoxAgent@microfocus.com in winreg-app-global
1531888099445	addons.xpi	DEBUG	getInstallState changed: false, state: {}
1531888100113	DeferredSave.webext.sc.lz4	DEBUG	Starting write
1531888100213	DeferredSave.webext.sc.lz4	DEBUG	Write succeeded
[Child 10712] WARNING: pipe error: 109: file z:/build/build/src/ipc/chromium/src/chrome/common/ipc_channel_win.cc, line 346
[Child 10712] WARNING: pipe error: 109: file z:/build/build/src/ipc/chromium/src/chrome/common/ipc_channel_win.cc, line 346
1531888102715	addons.productaddons	INFO	Completed downloading document
1531888111563	addons.productaddons	INFO	downloadXHR File download. status=200
1531888111571	addons.productaddons	INFO	Downloaded file will be saved to C:\Users\PDC4-T~1.PDC\AppData\Local\Temp\tmpaddon-b9e53c
1531888115030	addons.productaddons	INFO	downloadXHR File download. status=200
1531888115035	addons.productaddons	INFO	Downloaded file will be saved to C:\Users\PDC4-T~1.PDC\AppData\Local\Temp\tmpaddon-cee4c8

Build info: version: '2.53.0', revision: '35ae25b1534ae328c771e0856c93e187490ca824', time: '2016-03-15 10:43:46'
System info: host: 'P4A-508SD40', ip: '10.231.143.129', os.name: 'Windows 10', os.arch: 'amd64', os.version: '10.0', java.version: '1.8.0_151'
Driver info: driver.version: FirefoxDriver
	at org.openqa.selenium.firefox.internal.NewProfileExtensionConnection.start(NewProfileExtensionConnection.java:125)
	at org.openqa.selenium.firefox.FirefoxDriver.startClient(FirefoxDriver.java:271)
	at org.openqa.selenium.remote.RemoteWebDriver.<init>(RemoteWebDriver.java:119)
	at org.openqa.selenium.firefox.FirefoxDriver.<init>(FirefoxDriver.java:216)
	at org.openqa.selenium.firefox.FirefoxDriver.<init>(FirefoxDriver.java:211)
	at org.openqa.selenium.firefox.FirefoxDriver.<init>(FirefoxDriver.java:207)
	at org.openqa.selenium.firefox.FirefoxDriver.<init>(FirefoxDriver.java:120)
	at seleniumPNC.PNCMaven.Registration.beforeTest(Registration.java:16)
	at sun.reflect.NativeMethodAccessorImpl.invoke0(Native Method)
	at sun.reflect.NativeMethodAccessorImpl.invoke(NativeMethodAccessorImpl.java:62)
	at sun.reflect.DelegatingMethodAccessorImpl.invoke(DelegatingMethodAccessorImpl.java:43)
	at java.lang.reflect.Method.invoke(Method.java:498)
	at org.testng.internal.MethodInvocationHelper.invokeMethod(MethodInvocationHelper.java:104)
	at org.testng.internal.Invoker.invokeConfigurationMethod(Invoker.java:515)
	at org.testng.internal.Invoker.invokeConfigurations(Invoker.java:217)
	at org.testng.internal.Invoker.invokeConfigurations(Invoker.java:144)
	at org.testng.TestRunner.beforeRun(TestRunner.java:634)
	at org.testng.TestRunner.run(TestRunner.java:602)
	at org.testng.SuiteRunner.runTest(SuiteRunner.java:387)
	at org.testng.SuiteRunner.runSequentially(SuiteRunner.java:382)
	at org.testng.SuiteRunner.privateRun(SuiteRunner.java:340)
	at org.testng.SuiteRunner.run(SuiteRunner.java:289)
	at org.testng.SuiteRunnerWorker.runSuite(SuiteRunnerWorker.java:52)
	at org.testng.SuiteRunnerWorker.run(SuiteRunnerWorker.java:86)
	at org.testng.TestNG.runSuitesSequentially(TestNG.java:1293)
	at org.testng.TestNG.runSuitesLocally(TestNG.java:1218)
	at org.testng.TestNG.runSuites(TestNG.java:1133)
	at org.testng.TestNG.run(TestNG.java:1104)
	at org.testng.remote.AbstractRemoteTestNG.run(AbstractRemoteTestNG.java:114)
	at org.testng.remote.RemoteTestNG.initAndRun(RemoteTestNG.java:251)
	at org.testng.remote.RemoteTestNG.main(RemoteTestNG.java:77)
Caused by: org.openqa.selenium.firefox.NotConnectedException: Unable to connect to host 127.0.0.1 on port 7055 after 45000 ms. Firefox console output:
ging
1531888099428	addons.xpi	DEBUG	Existing add-on fxdriver@googlecode.com in app-profile
1531888099429	addons.xpi	INFO	Mapping activity-stream@mozilla.org to C:\Program Files\Mozilla Firefox\browser\features\activity-stream@mozilla.org.xpi
1531888099429	addons.xpi	INFO	Mapping aushelper@mozilla.org to C:\Program Files\Mozilla Firefox\browser\features\aushelper@mozilla.org.xpi
1531888099430	addons.xpi	INFO	Mapping clicktoplay-rollout@mozilla.org to C:\Program Files\Mozilla Firefox\browser\features\clicktoplay-rollout@mozilla.org.xpi
1531888099430	addons.xpi	INFO	Mapping e10srollout@mozilla.org to C:\Program Files\Mozilla Firefox\browser\features\e10srollout@mozilla.org.xpi
1531888099430	addons.xpi	INFO	Mapping firefox@getpocket.com to C:\Program Files\Mozilla Firefox\browser\features\firefox@getpocket.com.xpi
1531888099431	addons.xpi	INFO	Mapping followonsearch@mozilla.com to C:\Program Files\Mozilla Firefox\browser\features\followonsearch@mozilla.com.xpi
1531888099431	addons.xpi	INFO	Mapping formautofill@mozilla.org to C:\Program Files\Mozilla Firefox\browser\features\formautofill@mozilla.org.xpi
1531888099431	addons.xpi	INFO	Mapping onboarding@mozilla.org to C:\Program Files\Mozilla Firefox\browser\features\onboarding@mozilla.org.xpi
1531888099432	addons.xpi	INFO	Mapping screenshots@mozilla.org to C:\Program Files\Mozilla Firefox\browser\features\screenshots@mozilla.org.xpi
1531888099432	addons.xpi	INFO	Mapping shield-recipe-client@mozilla.org to C:\Program Files\Mozilla Firefox\browser\features\shield-recipe-client@mozilla.org.xpi
1531888099432	addons.xpi	INFO	Mapping webcompat@mozilla.org to C:\Program Files\Mozilla Firefox\browser\features\webcompat@mozilla.org.xpi
1531888099433	addons.xpi	DEBUG	Existing add-on activity-stream@mozilla.org in app-system-defaults
1531888099434	addons.xpi	DEBUG	Existing add-on aushelper@mozilla.org in app-system-defaults
1531888099435	addons.xpi	DEBUG	Existing add-on clicktoplay-rollout@mozilla.org in app-system-defaults
1531888099435	addons.xpi	DEBUG	Existing add-on e10srollout@mozilla.org in app-system-defaults
1531888099436	addons.xpi	DEBUG	Existing add-on firefox@getpocket.com in app-system-defaults
1531888099437	addons.xpi	DEBUG	Existing add-on followonsearch@mozilla.com in app-system-defaults
1531888099438	addons.xpi	DEBUG	Existing add-on formautofill@mozilla.org in app-system-defaults
1531888099438	addons.xpi	DEBUG	Existing add-on onboarding@mozilla.org in app-system-defaults
1531888099439	addons.xpi	DEBUG	Existing add-on screenshots@mozilla.org in app-system-defaults
1531888099440	addons.xpi	DEBUG	Existing add-on shield-recipe-client@mozilla.org in app-system-defaults
1531888099440	addons.xpi	DEBUG	Existing add-on webcompat@mozilla.org in app-system-defaults
1531888099443	addons.xpi	INFO	Mapping {972ce4c6-7e08-4474-a285-3208198ce6fd} to C:\Program Files\Mozilla Firefox\browser\extensions\{972ce4c6-7e08-4474-a285-3208198ce6fd}.xpi
1531888099444	addons.xpi	DEBUG	Existing add-on {972ce4c6-7e08-4474-a285-3208198ce6fd} in app-global
1531888099444	addons.xpi	DEBUG	Existing add-on FT.FirefoxAgent@microfocus.com in winreg-app-global
1531888099445	addons.xpi	DEBUG	getInstallState changed: false, state: {}
1531888100113	DeferredSave.webext.sc.lz4	DEBUG	Starting write
1531888100213	DeferredSave.webext.sc.lz4	DEBUG	Write succeeded
[Child 10712] WARNING: pipe error: 109: file z:/build/build/src/ipc/chromium/src/chrome/common/ipc_channel_win.cc, line 346
[Child 10712] WARNING: pipe error: 109: file z:/build/build/src/ipc/chromium/src/chrome/common/ipc_channel_win.cc, line 346
1531888102715	addons.productaddons	INFO	Completed downloading document
1531888111563	addons.productaddons	INFO	downloadXHR File download. status=200
1531888111571	addons.productaddons	INFO	Downloaded file will be saved to C:\Users\PDC4-T~1.PDC\AppData\Local\Temp\tmpaddon-b9e53c
1531888115030	addons.productaddons	INFO	downloadXHR File download. status=200
1531888115035	addons.productaddons	INFO	Downloaded file will be saved to C:\Users\PDC4-T~1.PDC\AppData\Local\Temp\tmpaddon-cee4c8

	at org.openqa.selenium.firefox.internal.NewProfileExtensionConnection.start(NewProfileExtensionConnection.java:113)
	... 30 more
]]>
    </error>
  </testcase> <!-- beforeTest -->
  <testcase name="f" time="0.010" classname="seleniumPNC.PNCMaven.Registration">
    <skipped/>
  </testcase> <!-- f -->
</testsuite> <!-- seleniumPNC.PNCMaven.Registration -->
