<?xml version="1.0" encoding="UTF-8"?>
<!-- Generated by org.testng.reporters.JUnitReportReporter -->
<testsuite name="testNGFeatures.DemoParameters" tests="1" time="60.400" ignored="0" failures="0" timestamp="20 Jul 2018 06:46:53 GMT" skipped="0" hostname="P4A-508SD40" errors="0">
  <testcase name="f" time="60.400" classname="testNGFeatures.DemoParameters"/>
</testsuite> <!-- testNGFeatures.DemoParameters -->
