<?xml version="1.0" encoding="UTF-8"?>
<!-- Generated by org.testng.reporters.JUnitReportReporter -->
<testsuite name="seleniumPNC.PNCMaven.DemoDifferentTab" tests="1" time="12.953" ignored="0" failures="0" timestamp="19 Jul 2018 06:48:55 GMT" skipped="0" hostname="P4A-508SD40" errors="0">
  <testcase name="f" time="12.953" classname="seleniumPNC.PNCMaven.DemoDifferentTab"/>
</testsuite> <!-- seleniumPNC.PNCMaven.DemoDifferentTab -->
