<?xml version="1.0" encoding="UTF-8"?>
<!-- Generated by org.testng.reporters.JUnitReportReporter -->
<testsuite name="seleniumPNC.PNCMaven.DemodataProvider" tests="3" time="0.045" ignored="0" failures="0" timestamp="18 Jul 2018 07:20:51 GMT" skipped="0" hostname="P4A-508SD40" errors="0">
  <testcase name="login" time="0.027" classname="seleniumPNC.PNCMaven.DemodataProvider"/>
  <testcase name="login" time="0.012" classname="seleniumPNC.PNCMaven.DemodataProvider"/>
  <testcase name="login" time="0.006" classname="seleniumPNC.PNCMaven.DemodataProvider"/>
</testsuite> <!-- seleniumPNC.PNCMaven.DemodataProvider -->
