<?xml version="1.0" encoding="UTF-8"?>
<!-- Generated by org.testng.reporters.JUnitReportReporter -->
<testsuite name="seleniumPNC.PNCMaven.ExecutionSequence" tests="1" time="0.016" ignored="0" failures="0" timestamp="17 Jul 2018 04:04:59 GMT" skipped="0" hostname="P4A-508SD40" errors="0">
  <testcase name="f" time="0.016" classname="seleniumPNC.PNCMaven.ExecutionSequence"/>
</testsuite> <!-- seleniumPNC.PNCMaven.ExecutionSequence -->
