<?xml version="1.0" encoding="UTF-8"?>
<!-- Generated by org.testng.reporters.JUnitReportReporter -->
<testsuite name="seleniumPNC.PNCMaven.DemoAlertWithOK" tests="1" time="0.371" ignored="0" failures="0" timestamp="19 Jul 2018 04:11:40 GMT" skipped="0" hostname="P4A-508SD40" errors="0">
  <testcase name="f" time="0.371" classname="seleniumPNC.PNCMaven.DemoAlertWithOK"/>
</testsuite> <!-- seleniumPNC.PNCMaven.DemoAlertWithOK -->
