<?xml version="1.0" encoding="UTF-8"?>
<!-- Generated by org.testng.reporters.JUnitReportReporter -->
<testsuite name="seleniumPNC.PNCMaven.DemoGoogleAllLinks" tests="1" time="2.140" ignored="0" failures="0" timestamp="19 Jul 2018 07:28:04 GMT" skipped="0" hostname="P4A-508SD40" errors="0">
  <testcase name="f" time="2.140" classname="seleniumPNC.PNCMaven.DemoGoogleAllLinks"/>
</testsuite> <!-- seleniumPNC.PNCMaven.DemoGoogleAllLinks -->
