<?xml version="1.0" encoding="UTF-8"?>
<!-- Generated by org.testng.reporters.JUnitReportReporter -->
<testsuite name="seleniumPNC.PNCMaven.DemoTitle" tests="1" time="22.153" ignored="0" failures="0" timestamp="17 Jul 2018 06:46:38 GMT" skipped="0" hostname="P4A-508SD40" errors="0">
  <testcase name="verifyTitle" time="22.153" classname="seleniumPNC.PNCMaven.DemoTitle"/>
</testsuite> <!-- seleniumPNC.PNCMaven.DemoTitle -->
