<?xml version="1.0" encoding="UTF-8"?>
<!-- Generated by org.testng.reporters.JUnitReportReporter -->
<testsuite name="seleniumPNC.PNCMaven.MercuryApplicatio" tests="6" time="0.111" ignored="1" failures="0" timestamp="17 Jul 2018 04:43:15 GMT" skipped="0" hostname="P4A-508SD40" errors="0">
  <testcase name="login" time="0.004" classname="seleniumPNC.PNCMaven.MercuryApplicatio"/>
  <testcase name="CloseBrowser" time="0.004" classname="seleniumPNC.PNCMaven.MercuryApplicatio"/>
  <testcase name="openBrowser" time="0.087" classname="seleniumPNC.PNCMaven.MercuryApplicatio"/>
  <testcase name="logout" time="0.007" classname="seleniumPNC.PNCMaven.MercuryApplicatio"/>
  <testcase name="searchFlight" time="0.005" classname="seleniumPNC.PNCMaven.MercuryApplicatio"/>
  <testcase name="openURL" time="0.004" classname="seleniumPNC.PNCMaven.MercuryApplicatio"/>
  <testcase name="bookFlight" classname="seleniumPNC.PNCMaven.MercuryApplicatio">
    <skipped/>
  </testcase> <!-- bookFlight -->
</testsuite> <!-- seleniumPNC.PNCMaven.MercuryApplicatio -->
