<?xml version="1.0" encoding="UTF-8"?>
<!-- Generated by org.testng.reporters.JUnitReportReporter -->
<testsuite name="seleniumPNC.PNCMaven.DemoAlertOKwithCancel" tests="1" time="0.527" ignored="0" failures="0" timestamp="19 Jul 2018 04:16:32 GMT" skipped="0" hostname="P4A-508SD40" errors="0">
  <testcase name="f" time="0.527" classname="seleniumPNC.PNCMaven.DemoAlertOKwithCancel"/>
</testsuite> <!-- seleniumPNC.PNCMaven.DemoAlertOKwithCancel -->
