<?xml version="1.0" encoding="UTF-8"?>
<!-- Generated by org.testng.reporters.JUnitReportReporter -->
<testsuite name="seleniumPNC.PNCMaven.DemoExplicitWait" tests="1" time="5.162" ignored="0" failures="0" timestamp="20 Jul 2018 04:29:22 GMT" skipped="0" hostname="P4A-508SD40" errors="0">
  <testcase name="f" time="5.162" classname="seleniumPNC.PNCMaven.DemoExplicitWait"/>
</testsuite> <!-- seleniumPNC.PNCMaven.DemoExplicitWait -->
