<?xml version="1.0" encoding="UTF-8"?>
<!-- Generated by org.testng.reporters.JUnitReportReporter -->
<testsuite name="testNGFeatures.DemoGroup" tests="3" time="0.059" ignored="2" failures="0" timestamp="20 Jul 2018 06:21:29 GMT" skipped="0" hostname="P4A-508SD40" errors="0">
  <testcase name="test5" time="0.006" classname="testNGFeatures.DemoGroup"/>
  <testcase name="test1" time="0.047" classname="testNGFeatures.DemoGroup"/>
  <testcase name="test3" time="0.006" classname="testNGFeatures.DemoGroup"/>
  <testcase name="test2" classname="testNGFeatures.DemoGroup">
    <skipped/>
  </testcase> <!-- test2 -->
  <testcase name="test4" classname="testNGFeatures.DemoGroup">
    <skipped/>
  </testcase> <!-- test4 -->
</testsuite> <!-- testNGFeatures.DemoGroup -->
