<?xml version="1.0" encoding="UTF-8"?>
<!-- Generated by org.testng.reporters.JUnitReportReporter -->
<testsuite name="seleniumPNC.PNCMaven.DemoWindowHandle" tests="1" time="3.929" ignored="0" failures="0" timestamp="19 Jul 2018 06:07:05 GMT" skipped="0" hostname="P4A-508SD40" errors="0">
  <testcase name="f" time="3.929" classname="seleniumPNC.PNCMaven.DemoWindowHandle"/>
</testsuite> <!-- seleniumPNC.PNCMaven.DemoWindowHandle -->
