<?xml version="1.0" encoding="UTF-8"?>
<!-- Generated by org.testng.reporters.JUnitReportReporter -->
<testsuite name="seleniumPNC.PNCMaven.AlertBitTextBox" tests="1" time="0.373" ignored="0" failures="0" timestamp="19 Jul 2018 04:22:25 GMT" skipped="0" hostname="P4A-508SD40" errors="0">
  <testcase name="f" time="0.373" classname="seleniumPNC.PNCMaven.AlertBitTextBox"/>
</testsuite> <!-- seleniumPNC.PNCMaven.AlertBitTextBox -->
